# JRE version: Java(TM) SE Runtime Environment (7.0_40-b43) (build 1.7.0_40-b43)
# Java VM: Java HotSpot(TM) Server VM (24.0-b56 mixed mode windows-x86 )
Heap
 PSYoungGen      total 39168K, used 15773K [0x20c80000, 0x23740000, 0x26200000)
  eden space 37632K, 37% used [0x20c80000,0x21a6e978,0x23140000)
  from space 1536K, 98% used [0x23140000,0x232b8bd8,0x232c0000)
  to   space 3328K, 0% used [0x23400000,0x23400000,0x23740000)
 ParOldGen       total 87552K, used 45869K [0x16200000, 0x1b780000, 0x20c80000)
  object space 87552K, 52% used [0x16200000,0x18ecb500,0x1b780000)
 PSPermGen       total 65536K, used 34098K [0x12200000, 0x16200000, 0x16200000)
  object space 65536K, 52% used [0x12200000,0x1434cb48,0x16200000)
GC Heap History (10 events):
Event: 1943.550 GC heap before
{Heap before GC invocations=118 (full 3):
 PSYoungGen      total 41216K, used 40822K [0x20c80000, 0x23740000, 0x26200000)
  eden space 39168K, 100% used [0x20c80000,0x232c0000,0x232c0000)
  from space 2048K, 80% used [0x23540000,0x236dd868,0x23740000)
  to   space 2304K, 0% used [0x232c0000,0x232c0000,0x23500000)
 ParOldGen       total 87552K, used 39539K [0x16200000, 0x1b780000, 0x20c80000)
  object space 87552K, 45% used [0x16200000,0x1889cc08,0x1b780000)
 PSPermGen       total 65536K, used 34096K [0x12200000, 0x16200000, 0x16200000)
  object space 65536K, 52% used [0x12200000,0x1434c3c8,0x16200000)
Event: 1943.556 GC heap after
Heap after GC invocations=118 (full 3):
 PSYoungGen      total 41216K, used 1901K [0x20c80000, 0x23740000, 0x26200000)
  eden space 39168K, 0% used [0x20c80000,0x20c80000,0x232c0000)
  from space 2048K, 92% used [0x232c0000,0x2349b740,0x234c0000)
  to   space 2560K, 0% used [0x234c0000,0x234c0000,0x23740000)
 ParOldGen       total 87552K, used 40509K [0x16200000, 0x1b780000, 0x20c80000)
  object space 87552K, 46% used [0x16200000,0x1898f538,0x1b780000)
 PSPermGen       total 65536K, used 34096K [0x12200000, 0x16200000, 0x16200000)
  object space 65536K, 52% used [0x12200000,0x1434c3c8,0x16200000)
}
Event: 1947.517 GC heap before
{Heap before GC invocations=119 (full 3):
 PSYoungGen      total 41216K, used 41069K [0x20c80000, 0x23740000, 0x26200000)
  eden space 39168K, 100% used [0x20c80000,0x232c0000,0x232c0000)
  from space 2048K, 92% used [0x232c0000,0x2349b740,0x234c0000)
  to   space 2560K, 0% used [0x234c0000,0x234c0000,0x23740000)
 ParOldGen       total 87552K, used 40509K [0x16200000, 0x1b780000, 0x20c80000)
  object space 87552K, 46% used [0x16200000,0x1898f538,0x1b780000)
 PSPermGen       total 65536K, used 34097K [0x12200000, 0x16200000, 0x16200000)
  object space 65536K, 52% used [0x12200000,0x1434c548,0x16200000)
Event: 1947.522 GC heap after
Heap after GC invocations=119 (full 3):
 PSYoungGen      total 41216K, used 1400K [0x20c80000, 0x23740000, 0x26200000)
  eden space 38656K, 0% used [0x20c80000,0x20c80000,0x23240000)
  from space 2560K, 54% used [0x234c0000,0x2361e050,0x23740000)
  to   space 2560K, 0% used [0x23240000,0x23240000,0x234c0000)
 ParOldGen       total 87552K, used 41659K [0x16200000, 0x1b780000, 0x20c80000)
  object space 87552K, 47% used [0x16200000,0x18aaef80,0x1b780000)
 PSPermGen       total 65536K, used 34097K [0x12200000, 0x16200000, 0x16200000)
  object space 65536K, 52% used [0x12200000,0x1434c548,0x16200000)
}
Event: 2004.898 GC heap before
{Heap before GC invocations=120 (full 3):
 PSYoungGen      total 41216K, used 40056K [0x20c80000, 0x23740000, 0x26200000)
  eden space 38656K, 100% used [0x20c80000,0x23240000,0x23240000)
  from space 2560K, 54% used [0x234c0000,0x2361e050,0x23740000)
  to   space 2560K, 0% used [0x23240000,0x23240000,0x234c0000)
 ParOldGen       total 87552K, used 41659K [0x16200000, 0x1b780000, 0x20c80000)
  object space 87552K, 47% used [0x16200000,0x18aaef80,0x1b780000)
 PSPermGen       total 65536K, used 34098K [0x12200000, 0x16200000, 0x16200000)
  object space 65536K, 52% used [0x12200000,0x1434c870,0x16200000)
Event: 2004.909 GC heap after
Heap after GC invocations=120 (full 3):
 PSYoungGen      total 41216K, used 1472K [0x20c80000, 0x23740000, 0x26200000)
  eden space 38656K, 0% used [0x20c80000,0x20c80000,0x23240000)
  from space 2560K, 57% used [0x23240000,0x233b0060,0x234c0000)
  to   space 2560K, 0% used [0x234c0000,0x234c0000,0x23740000)
 ParOldGen       total 87552K, used 42396K [0x16200000, 0x1b780000, 0x20c80000)
  object space 87552K, 48% used [0x16200000,0x18b67280,0x1b780000)
 PSPermGen       total 65536K, used 34098K [0x12200000, 0x16200000, 0x16200000)
  object space 65536K, 52% used [0x12200000,0x1434c870,0x16200000)
}
Event: 2025.995 GC heap before
{Heap before GC invocations=121 (full 3):
 PSYoungGen      total 41216K, used 40128K [0x20c80000, 0x23740000, 0x26200000)
  eden space 38656K, 100% used [0x20c80000,0x23240000,0x23240000)
  from space 2560K, 57% used [0x23240000,0x233b0060,0x234c0000)
  to   space 2560K, 0% used [0x234c0000,0x234c0000,0x23740000)
 ParOldGen       total 87552K, used 42396K [0x16200000, 0x1b780000, 0x20c80000)
  object space 87552K, 48% used [0x16200000,0x18b67280,0x1b780000)
 PSPermGen       total 65536K, used 34098K [0x12200000, 0x16200000, 0x16200000)
  object space 65536K, 52% used [0x12200000,0x1434c990,0x16200000)
Event: 2026.005 GC heap after
Heap after GC invocations=121 (full 3):
 PSYoungGen      total 40192K, used 2553K [0x20c80000, 0x23840000, 0x26200000)
  eden space 37632K, 0% used [0x20c80000,0x20c80000,0x23140000)
  from space 2560K, 99% used [0x234c0000,0x2373e718,0x23740000)
  to   space 3584K, 0% used [0x23140000,0x23140000,0x234c0000)
 ParOldGen       total 87552K, used 43563K [0x16200000, 0x1b780000, 0x20c80000)
  object space 87552K, 49% used [0x16200000,0x18c8af80,0x1b780000)
 PSPermGen       total 65536K, used 34098K [0x12200000, 0x16200000, 0x16200000)
  object space 65536K, 52% used [0x12200000,0x1434c990,0x16200000)
}
Event: 2031.645 GC heap before
{Heap before GC invocations=122 (full 3):
 PSYoungGen      total 40192K, used 40185K [0x20c80000, 0x23840000, 0x26200000)
  eden space 37632K, 100% used [0x20c80000,0x23140000,0x23140000)
  from space 2560K, 99% used [0x234c0000,0x2373e718,0x23740000)
  to   space 3584K, 0% used [0x23140000,0x23140000,0x234c0000)
 ParOldGen       total 87552K, used 43563K [0x16200000, 0x1b780000, 0x20c80000)
  object space 87552K, 49% used [0x16200000,0x18c8af80,0x1b780000)
 PSPermGen       total 65536K, used 34098K [0x12200000, 0x16200000, 0x16200000)
  object space 65536K, 52% used [0x12200000,0x1434cad0,0x16200000)
Event: 2031.653 GC heap after
Heap after GC invocations=122 (full 3):
 PSYoungGen      total 39168K, used 1506K [0x20c80000, 0x23740000, 0x26200000)
  eden space 37632K, 0% used [0x20c80000,0x20c80000,0x23140000)
  from space 1536K, 98% used [0x23140000,0x232b8bd8,0x232c0000)
  to   space 3328K, 0% used [0x23400000,0x23400000,0x23740000)
 ParOldGen       total 87552K, used 45869K [0x16200000, 0x1b780000, 0x20c80000)
  object space 87552K, 52% used [0x16200000,0x18ecb500,0x1b780000)
 PSPermGen       total 65536K, used 34098K [0x12200000, 0x16200000, 0x16200000)
  object space 65536K, 52% used [0x12200000,0x1434cad0,0x16200000)
}

