# JRE version: Java(TM) SE Runtime Environment (7.0_40-b43) (build 1.7.0_40-b43)
# Java VM: Java HotSpot(TM) Server VM (24.0-b56 mixed mode windows-x86 )
Heap
 PSYoungGen      total 40192K, used 36312K [0x20c80000, 0x23740000, 0x26200000)
  eden space 36608K, 93% used [0x20c80000,0x22dca200,0x23040000)
  from space 3584K, 62% used [0x23040000,0x2326c0a0,0x233c0000)
  to   space 3584K, 0% used [0x233c0000,0x233c0000,0x23740000)
 ParOldGen       total 101632K, used 51430K [0x16200000, 0x1c540000, 0x20c80000)
  object space 101632K, 50% used [0x16200000,0x19439888,0x1c540000)
 PSPermGen       total 62208K, used 36527K [0x12200000, 0x15ec0000, 0x16200000)
  object space 62208K, 58% used [0x12200000,0x145abc10,0x15ec0000)
GC Heap History (10 events):
Event: 4568.940 GC heap before
{Heap before GC invocations=120 (full 5):
 PSYoungGen      total 40704K, used 40260K [0x20c80000, 0x23780000, 0x26200000)
  eden space 38400K, 100% used [0x20c80000,0x23200000,0x23200000)
  from space 2304K, 80% used [0x23500000,0x236d1380,0x23740000)
  to   space 2816K, 0% used [0x23200000,0x23200000,0x234c0000)
 ParOldGen       total 101632K, used 48289K [0x16200000, 0x1c540000, 0x20c80000)
  object space 101632K, 47% used [0x16200000,0x19128608,0x1c540000)
 PSPermGen       total 62208K, used 36472K [0x12200000, 0x15ec0000, 0x16200000)
  object space 62208K, 58% used [0x12200000,0x1459e158,0x15ec0000)
Event: 4568.950 GC heap after
Heap after GC invocations=120 (full 5):
 PSYoungGen      total 40704K, used 2156K [0x20c80000, 0x23740000, 0x26200000)
  eden space 38400K, 0% used [0x20c80000,0x20c80000,0x23200000)
  from space 2304K, 93% used [0x23200000,0x2341b250,0x23440000)
  to   space 3072K, 0% used [0x23440000,0x23440000,0x23740000)
 ParOldGen       total 101632K, used 48361K [0x16200000, 0x1c540000, 0x20c80000)
  object space 101632K, 47% used [0x16200000,0x1913a608,0x1c540000)
 PSPermGen       total 62208K, used 36472K [0x12200000, 0x15ec0000, 0x16200000)
  object space 62208K, 58% used [0x12200000,0x1459e158,0x15ec0000)
}
Event: 4608.069 GC heap before
{Heap before GC invocations=121 (full 5):
 PSYoungGen      total 40704K, used 40556K [0x20c80000, 0x23740000, 0x26200000)
  eden space 38400K, 100% used [0x20c80000,0x23200000,0x23200000)
  from space 2304K, 93% used [0x23200000,0x2341b250,0x23440000)
  to   space 3072K, 0% used [0x23440000,0x23440000,0x23740000)
 ParOldGen       total 101632K, used 48361K [0x16200000, 0x1c540000, 0x20c80000)
  object space 101632K, 47% used [0x16200000,0x1913a608,0x1c540000)
 PSPermGen       total 62208K, used 36474K [0x12200000, 0x15ec0000, 0x16200000)
  object space 62208K, 58% used [0x12200000,0x1459ea20,0x15ec0000)
Event: 4608.091 GC heap after
Heap after GC invocations=121 (full 5):
 PSYoungGen      total 40448K, used 2573K [0x20c80000, 0x23780000, 0x26200000)
  eden space 37376K, 0% used [0x20c80000,0x20c80000,0x23100000)
  from space 3072K, 83% used [0x23440000,0x236c3650,0x23740000)
  to   space 3328K, 0% used [0x23100000,0x23100000,0x23440000)
 ParOldGen       total 101632K, used 48891K [0x16200000, 0x1c540000, 0x20c80000)
  object space 101632K, 48% used [0x16200000,0x191becc8,0x1c540000)
 PSPermGen       total 62208K, used 36474K [0x12200000, 0x15ec0000, 0x16200000)
  object space 62208K, 58% used [0x12200000,0x1459ea20,0x15ec0000)
}
Event: 4630.624 GC heap before
{Heap before GC invocations=122 (full 5):
 PSYoungGen      total 40448K, used 39949K [0x20c80000, 0x23780000, 0x26200000)
  eden space 37376K, 100% used [0x20c80000,0x23100000,0x23100000)
  from space 3072K, 83% used [0x23440000,0x236c3650,0x23740000)
  to   space 3328K, 0% used [0x23100000,0x23100000,0x23440000)
 ParOldGen       total 101632K, used 48891K [0x16200000, 0x1c540000, 0x20c80000)
  object space 101632K, 48% used [0x16200000,0x191becc8,0x1c540000)
 PSPermGen       total 62208K, used 36476K [0x12200000, 0x15ec0000, 0x16200000)
  object space 62208K, 58% used [0x12200000,0x1459f0e8,0x15ec0000)
Event: 4630.631 GC heap after
Heap after GC invocations=122 (full 5):
 PSYoungGen      total 39680K, used 2246K [0x20c80000, 0x23740000, 0x26200000)
  eden space 37376K, 0% used [0x20c80000,0x20c80000,0x23100000)
  from space 2304K, 97% used [0x23100000,0x23331a08,0x23340000)
  to   space 3584K, 0% used [0x233c0000,0x233c0000,0x23740000)
 ParOldGen       total 101632K, used 49449K [0x16200000, 0x1c540000, 0x20c80000)
  object space 101632K, 48% used [0x16200000,0x1924a528,0x1c540000)
 PSPermGen       total 62208K, used 36476K [0x12200000, 0x15ec0000, 0x16200000)
  object space 62208K, 58% used [0x12200000,0x1459f0e8,0x15ec0000)
}
Event: 4668.013 GC heap before
{Heap before GC invocations=123 (full 5):
 PSYoungGen      total 39680K, used 39622K [0x20c80000, 0x23740000, 0x26200000)
  eden space 37376K, 100% used [0x20c80000,0x23100000,0x23100000)
  from space 2304K, 97% used [0x23100000,0x23331a08,0x23340000)
  to   space 3584K, 0% used [0x233c0000,0x233c0000,0x23740000)
 ParOldGen       total 101632K, used 49449K [0x16200000, 0x1c540000, 0x20c80000)
  object space 101632K, 48% used [0x16200000,0x1924a528,0x1c540000)
 PSPermGen       total 62208K, used 36497K [0x12200000, 0x15ec0000, 0x16200000)
  object space 62208K, 58% used [0x12200000,0x145a4498,0x15ec0000)
Event: 4668.021 GC heap after
Heap after GC invocations=123 (full 5):
 PSYoungGen      total 40192K, used 723K [0x20c80000, 0x23740000, 0x26200000)
  eden space 36608K, 0% used [0x20c80000,0x20c80000,0x23040000)
  from space 3584K, 20% used [0x233c0000,0x23474c38,0x23740000)
  to   space 3584K, 0% used [0x23040000,0x23040000,0x233c0000)
 ParOldGen       total 101632K, used 51216K [0x16200000, 0x1c540000, 0x20c80000)
  object space 101632K, 50% used [0x16200000,0x194040f8,0x1c540000)
 PSPermGen       total 62208K, used 36497K [0x12200000, 0x15ec0000, 0x16200000)
  object space 62208K, 58% used [0x12200000,0x145a4498,0x15ec0000)
}
Event: 4692.854 GC heap before
{Heap before GC invocations=124 (full 5):
 PSYoungGen      total 40192K, used 37331K [0x20c80000, 0x23740000, 0x26200000)
  eden space 36608K, 100% used [0x20c80000,0x23040000,0x23040000)
  from space 3584K, 20% used [0x233c0000,0x23474c38,0x23740000)
  to   space 3584K, 0% used [0x23040000,0x23040000,0x233c0000)
 ParOldGen       total 101632K, used 51216K [0x16200000, 0x1c540000, 0x20c80000)
  object space 101632K, 50% used [0x16200000,0x194040f8,0x1c540000)
 PSPermGen       total 62208K, used 36526K [0x12200000, 0x15ec0000, 0x16200000)
  object space 62208K, 58% used [0x12200000,0x145ab998,0x15ec0000)
Event: 4692.862 GC heap after
Heap after GC invocations=124 (full 5):
 PSYoungGen      total 40192K, used 2224K [0x20c80000, 0x23740000, 0x26200000)
  eden space 36608K, 0% used [0x20c80000,0x20c80000,0x23040000)
  from space 3584K, 62% used [0x23040000,0x2326c0a0,0x233c0000)
  to   space 3584K, 0% used [0x233c0000,0x233c0000,0x23740000)
 ParOldGen       total 101632K, used 51430K [0x16200000, 0x1c540000, 0x20c80000)
  object space 101632K, 50% used [0x16200000,0x19439888,0x1c540000)
 PSPermGen       total 62208K, used 36526K [0x12200000, 0x15ec0000, 0x16200000)
  object space 62208K, 58% used [0x12200000,0x145ab998,0x15ec0000)
}

