# JRE version: Java(TM) SE Runtime Environment (7.0_40-b43) (build 1.7.0_40-b43)
# Java VM: Java HotSpot(TM) Server VM (24.0-b56 mixed mode windows-x86 )
Heap
 PSYoungGen      total 62976K, used 4341K [0x20c80000, 0x25c00000, 0x26200000)
  eden space 61952K, 5% used [0x20c80000,0x20fe93e0,0x24900000)
  from space 1024K, 82% used [0x24b00000,0x24bd4300,0x24c00000)
  to   space 9728K, 0% used [0x25280000,0x25280000,0x25c00000)
 ParOldGen       total 87552K, used 74487K [0x16200000, 0x1b780000, 0x20c80000)
  object space 87552K, 85% used [0x16200000,0x1aabdd98,0x1b780000)
 PSPermGen       total 65536K, used 41587K [0x12200000, 0x16200000, 0x16200000)
  object space 65536K, 63% used [0x12200000,0x14a9cc00,0x16200000)
GC Heap History (10 events):
Event: 579.315 GC heap before
{Heap before GC invocations=46 (full 4):
 PSYoungGen      total 72192K, used 17002K [0x20c80000, 0x26180000, 0x26200000)
  eden space 61440K, 18% used [0x20c80000,0x217dabf8,0x24880000)
  from space 10752K, 49% used [0x24880000,0x24dbfd68,0x25300000)
  to   space 10496K, 0% used [0x25740000,0x25740000,0x26180000)
 ParOldGen       total 87552K, used 70405K [0x16200000, 0x1b780000, 0x20c80000)
  object space 87552K, 80% used [0x16200000,0x1a6c14e0,0x1b780000)
 PSPermGen       total 65536K, used 41531K [0x12200000, 0x16200000, 0x16200000)
  object space 65536K, 63% used [0x12200000,0x14a8eea8,0x16200000)
Event: 579.326 GC heap after
Heap after GC invocations=46 (full 4):
 PSYoungGen      total 76544K, used 302K [0x20c80000, 0x26180000, 0x26200000)
  eden space 66048K, 0% used [0x20c80000,0x20c80000,0x24d00000)
  from space 10496K, 2% used [0x25740000,0x2578b990,0x26180000)
  to   space 10496K, 0% used [0x24d00000,0x24d00000,0x25740000)
 ParOldGen       total 87552K, used 75022K [0x16200000, 0x1b780000, 0x20c80000)
  object space 87552K, 85% used [0x16200000,0x1ab43810,0x1b780000)
 PSPermGen       total 65536K, used 41531K [0x12200000, 0x16200000, 0x16200000)
  object space 65536K, 63% used [0x12200000,0x14a8eea8,0x16200000)
}
Event: 579.326 GC heap before
{Heap before GC invocations=47 (full 5):
 PSYoungGen      total 76544K, used 302K [0x20c80000, 0x26180000, 0x26200000)
  eden space 66048K, 0% used [0x20c80000,0x20c80000,0x24d00000)
  from space 10496K, 2% used [0x25740000,0x2578b990,0x26180000)
  to   space 10496K, 0% used [0x24d00000,0x24d00000,0x25740000)
 ParOldGen       total 87552K, used 75022K [0x16200000, 0x1b780000, 0x20c80000)
  object space 87552K, 85% used [0x16200000,0x1ab43810,0x1b780000)
 PSPermGen       total 65536K, used 41531K [0x12200000, 0x16200000, 0x16200000)
  object space 65536K, 63% used [0x12200000,0x14a8eea8,0x16200000)
Event: 580.059 GC heap after
Heap after GC invocations=47 (full 5):
 PSYoungGen      total 76544K, used 0K [0x20c80000, 0x26180000, 0x26200000)
  eden space 66048K, 0% used [0x20c80000,0x20c80000,0x24d00000)
  from space 10496K, 0% used [0x25740000,0x25740000,0x26180000)
  to   space 10496K, 0% used [0x24d00000,0x24d00000,0x25740000)
 ParOldGen       total 87552K, used 71923K [0x16200000, 0x1b780000, 0x20c80000)
  object space 87552K, 82% used [0x16200000,0x1a83cca0,0x1b780000)
 PSPermGen       total 65536K, used 41525K [0x12200000, 0x16200000, 0x16200000)
  object space 65536K, 63% used [0x12200000,0x14a8d7a0,0x16200000)
}
Event: 584.253 GC heap before
{Heap before GC invocations=48 (full 5):
 PSYoungGen      total 76544K, used 66048K [0x20c80000, 0x26180000, 0x26200000)
  eden space 66048K, 100% used [0x20c80000,0x24d00000,0x24d00000)
  from space 10496K, 0% used [0x25740000,0x25740000,0x26180000)
  to   space 10496K, 0% used [0x24d00000,0x24d00000,0x25740000)
 ParOldGen       total 87552K, used 71923K [0x16200000, 0x1b780000, 0x20c80000)
  object space 87552K, 82% used [0x16200000,0x1a83cca0,0x1b780000)
 PSPermGen       total 65536K, used 41549K [0x12200000, 0x16200000, 0x16200000)
  object space 65536K, 63% used [0x12200000,0x14a93760,0x16200000)
Event: 584.260 GC heap after
Heap after GC invocations=48 (full 5):
 PSYoungGen      total 76544K, used 1808K [0x20c80000, 0x26180000, 0x26200000)
  eden space 66048K, 0% used [0x20c80000,0x20c80000,0x24d00000)
  from space 10496K, 17% used [0x24d00000,0x24ec4180,0x25740000)
  to   space 10240K, 0% used [0x25780000,0x25780000,0x26180000)
 ParOldGen       total 87552K, used 71923K [0x16200000, 0x1b780000, 0x20c80000)
  object space 87552K, 82% used [0x16200000,0x1a83cca0,0x1b780000)
 PSPermGen       total 65536K, used 41549K [0x12200000, 0x16200000, 0x16200000)
  object space 65536K, 63% used [0x12200000,0x14a93760,0x16200000)
}
Event: 599.478 GC heap before
{Heap before GC invocations=49 (full 5):
 PSYoungGen      total 76544K, used 67856K [0x20c80000, 0x26180000, 0x26200000)
  eden space 66048K, 100% used [0x20c80000,0x24d00000,0x24d00000)
  from space 10496K, 17% used [0x24d00000,0x24ec4180,0x25740000)
  to   space 10240K, 0% used [0x25780000,0x25780000,0x26180000)
 ParOldGen       total 87552K, used 71923K [0x16200000, 0x1b780000, 0x20c80000)
  object space 87552K, 82% used [0x16200000,0x1a83cca0,0x1b780000)
 PSPermGen       total 65536K, used 41572K [0x12200000, 0x16200000, 0x16200000)
  object space 65536K, 63% used [0x12200000,0x14a99278,0x16200000)
Event: 599.488 GC heap after
Heap after GC invocations=49 (full 5):
 PSYoungGen      total 70656K, used 1748K [0x20c80000, 0x25e00000, 0x26200000)
  eden space 64000K, 0% used [0x20c80000,0x20c80000,0x24b00000)
  from space 6656K, 26% used [0x25780000,0x25935328,0x25e00000)
  to   space 9728K, 0% used [0x24b00000,0x24b00000,0x25480000)
 ParOldGen       total 87552K, used 73424K [0x16200000, 0x1b780000, 0x20c80000)
  object space 87552K, 83% used [0x16200000,0x1a9b4140,0x1b780000)
 PSPermGen       total 65536K, used 41572K [0x12200000, 0x16200000, 0x16200000)
  object space 65536K, 63% used [0x12200000,0x14a99278,0x16200000)
}
Event: 619.265 GC heap before
{Heap before GC invocations=50 (full 5):
 PSYoungGen      total 70656K, used 65748K [0x20c80000, 0x25e00000, 0x26200000)
  eden space 64000K, 100% used [0x20c80000,0x24b00000,0x24b00000)
  from space 6656K, 26% used [0x25780000,0x25935328,0x25e00000)
  to   space 9728K, 0% used [0x24b00000,0x24b00000,0x25480000)
 ParOldGen       total 87552K, used 73424K [0x16200000, 0x1b780000, 0x20c80000)
  object space 87552K, 83% used [0x16200000,0x1a9b4140,0x1b780000)
 PSPermGen       total 65536K, used 41586K [0x12200000, 0x16200000, 0x16200000)
  object space 65536K, 63% used [0x12200000,0x14a9cbf0,0x16200000)
Event: 619.271 GC heap after
Heap after GC invocations=50 (full 5):
 PSYoungGen      total 62976K, used 848K [0x20c80000, 0x25c00000, 0x26200000)
  eden space 61952K, 0% used [0x20c80000,0x20c80000,0x24900000)
  from space 1024K, 82% used [0x24b00000,0x24bd4300,0x24c00000)
  to   space 9728K, 0% used [0x25280000,0x25280000,0x25c00000)
 ParOldGen       total 87552K, used 74487K [0x16200000, 0x1b780000, 0x20c80000)
  object space 87552K, 85% used [0x16200000,0x1aabdd98,0x1b780000)
 PSPermGen       total 65536K, used 41586K [0x12200000, 0x16200000, 0x16200000)
  object space 65536K, 63% used [0x12200000,0x14a9cbf0,0x16200000)
}

